Nota Media: 6.7 7.1 7.0 6.7 7.3 7.0 8.1 8.5 6.9 6.8 8.4 7.1 6.4 8.5

Preferencia:
Membro 1: 3 11 2 8 12 10 13 9 14 5 7 1 4 6
Membro 2: 7 14 8 10 4 5 9 6 3 11 1 2 12 13
Membro 3: 12 5 8 7 11 14 6 9 1 3 10 13 2 4
Membro 4: 11 14 4 6 13 1 5 8 2 7 10 9 12 3
Membro 5: 14 7 11 2 8 3 9 6 1 13 4 10 12 5

Classificacao: 14
3 11 2 8 12 10 13 9 5 7 1 4 6 6 
7 8 10 4 5 9 6 3 11 1 2 12 13 13 
12 5 8 7 11 6 9 1 3 10 13 2 4 4 
11 4 6 13 1 5 8 2 7 10 9 12 3 3 
7 11 2 8 3 9 6 1 13 4 10 12 5 5 
 7
3 11 2 8 12 10 13 9 5 1 4 6 6 6 
8 10 4 5 9 6 3 11 1 2 12 13 13 13 
12 5 8 11 6 9 1 3 10 13 2 4 4 4 
11 4 6 13 1 5 8 2 10 9 12 3 3 3 
11 2 8 3 9 6 1 13 4 10 12 5 5 5 
 11
3 2 8 12 10 13 9 5 1 4 6 6 6 6 
8 10 4 5 9 6 3 1 2 12 13 13 13 13 
12 5 8 6 9 1 3 10 13 2 4 4 4 4 
4 6 13 1 5 8 2 10 9 12 3 3 3 3 
2 8 3 9 6 1 13 4 10 12 5 5 5 5 
 8
3 2 12 10 13 9 5 1 4 6 6 6 6 6 
10 4 5 9 6 3 1 2 12 13 13 13 13 13 
12 5 6 9 1 3 10 13 2 4 4 4 4 4 
4 6 13 1 5 2 10 9 12 3 3 3 3 3 
2 3 9 6 1 13 4 10 12 5 5 5 5 5 
 2
3 12 10 13 9 5 1 4 6 6 6 6 6 6 
10 4 5 9 6 3 1 12 13 13 13 13 13 13 
12 5 6 9 1 3 10 13 4 4 4 4 4 4 
4 6 13 1 5 10 9 12 3 3 3 3 3 3 
3 9 6 1 13 4 10 12 5 5 5 5 5 5 
 3
12 10 13 9 5 1 4 6 6 6 6 6 6 6 
10 4 5 9 6 1 12 13 13 13 13 13 13 13 
12 5 6 9 1 10 13 4 4 4 4 4 4 4 
4 6 13 1 5 10 9 12 3 3 3 3 3 3 
9 6 1 13 4 10 12 5 5 5 5 5 5 5 
 12
10 13 9 5 1 4 6 6 6 6 6 6 6 6 
10 4 5 9 6 1 13 13 13 13 13 13 13 13 
5 6 9 1 10 13 4 4 4 4 4 4 4 4 
4 6 13 1 5 10 9 3 3 3 3 3 3 3 
9 6 1 13 4 10 5 5 5 5 5 5 5 5 
 10
13 9 5 1 4 6 6 6 6 6 6 6 6 6 
4 5 9 6 1 13 13 13 13 13 13 13 13 13 
5 6 9 1 13 4 4 4 4 4 4 4 4 4 
4 6 13 1 5 9 3 3 3 3 3 3 3 3 
9 6 1 13 4 5 5 5 5 5 5 5 5 5 
 4
13 9 5 1 6 6 6 6 6 6 6 6 6 6 
5 9 6 1 13 13 13 13 13 13 13 13 13 13 
5 6 9 1 13 4 4 4 4 4 4 4 4 4 
6 13 1 5 9 3 3 3 3 3 3 3 3 3 
9 6 1 13 5 5 5 5 5 5 5 5 5 5 
 5
13 9 1 6 6 6 6 6 6 6 6 6 6 6 
9 6 1 13 13 13 13 13 13 13 13 13 13 13 
6 9 1 13 4 4 4 4 4 4 4 4 4 4 
6 13 1 9 3 3 3 3 3 3 3 3 3 3 
9 6 1 13 5 5 5 5 5 5 5 5 5 5 
 6
13 9 1 6 6 6 6 6 6 6 6 6 6 6 
9 1 13 13 13 13 13 13 13 13 13 13 13 13 
9 1 13 4 4 4 4 4 4 4 4 4 4 4 
13 1 9 3 3 3 3 3 3 3 3 3 3 3 
9 1 13 5 5 5 5 5 5 5 5 5 5 5 
 9
13 1 6 6 6 6 6 6 6 6 6 6 6 6 
1 13 13 13 13 13 13 13 13 13 13 13 13 13 
1 13 4 4 4 4 4 4 4 4 4 4 4 4 
13 1 3 3 3 3 3 3 3 3 3 3 3 3 
1 13 5 5 5 5 5 5 5 5 5 5 5 5 
 1
13 6 6 6 6 6 6 6 6 6 6 6 6 6 
13 13 13 13 13 13 13 13 13 13 13 13 13 13 
13 4 4 4 4 4 4 4 4 4 4 4 4 4 
13 3 3 3 3 3 3 3 3 3 3 3 3 3 
13 5 5 5 5 5 5 5 5 5 5 5 5 5 
 13
6 6 6 6 6 6 6 6 6 6 6 6 6 6 
13 13 13 13 13 13 13 13 13 13 13 13 13 13 
4 4 4 4 4 4 4 4 4 4 4 4 4 4 
3 3 3 3 3 3 3 3 3 3 3 3 3 3 
5 5 5 5 5 5 5 5 5 5 5 5 5 5 

